# JRE version: OpenJDK Runtime Environment (7.0_45-b31) (build 1.7.0_45-b31)
# Java VM: OpenJDK Client VM (24.45-b08 mixed mode linux-x86 )
Heap
 def new generation   total 6208K, used 608K [0x90780000, 0x90e30000, 0x9b220000)
  eden space 5568K,  10% used [0x90780000, 0x90818388, 0x90cf0000)
  from space 640K,   0% used [0x90cf0000, 0x90cf0000, 0x90d90000)
  to   space 640K,   0% used [0x90d90000, 0x90d90000, 0x90e30000)
 tenured generation   total 13632K, used 7107K [0x9b220000, 0x9bf70000, 0xb0780000)
   the space 13632K,  52% used [0x9b220000, 0x9b910ef8, 0x9b911000, 0x9bf70000)
 compacting perm gen  total 12288K, used 11840K [0xb0780000, 0xb1380000, 0xb4780000)
   the space 12288K,  96% used [0xb0780000, 0xb13101b8, 0xb1310200, 0xb1380000)
GC Heap History (10 events):
Event: 33.249 GC heap before
{Heap before GC invocations=6 (full 0):
 def new generation   total 4928K, used 4928K [0x90780000, 0x90cd0000, 0x9b220000)
  eden space 4416K, 100% used [0x90780000, 0x90bd0000, 0x90bd0000)
  from space 512K, 100% used [0x90bd0000, 0x90c50000, 0x90c50000)
  to   space 512K,   0% used [0x90c50000, 0x90c50000, 0x90cd0000)
 tenured generation   total 10944K, used 6735K [0x9b220000, 0x9bcd0000, 0xb0780000)
   the space 10944K,  61% used [0x9b220000, 0x9b8b3c00, 0x9b8b3c00, 0x9bcd0000)
 compacting perm gen  total 12288K, used 11588K [0xb0780000, 0xb1380000, 0xb4780000)
   the space 12288K,  94% used [0xb0780000, 0xb12d1358, 0xb12d1400, 0xb1380000)
No shared spaces configured.
Event: 33.288 GC heap after
Heap after GC invocations=7 (full 0):
 def new generation   total 4928K, used 500K [0x90780000, 0x90cd0000, 0x9b220000)
  eden space 4416K,   0% used [0x90780000, 0x90780000, 0x90bd0000)
  from space 512K,  97% used [0x90c50000, 0x90ccd168, 0x90cd0000)
  to   space 512K,   0% used [0x90bd0000, 0x90bd0000, 0x90c50000)
 tenured generation   total 10944K, used 7966K [0x9b220000, 0x9bcd0000, 0xb0780000)
   the space 10944K,  72% used [0x9b220000, 0x9b9e7a18, 0x9b9e7c00, 0x9bcd0000)
 compacting perm gen  total 12288K, used 11588K [0xb0780000, 0xb1380000, 0xb4780000)
   the space 12288K,  94% used [0xb0780000, 0xb12d1358, 0xb12d1400, 0xb1380000)
No shared spaces configured.
}
Event: 43.625 GC heap before
{Heap before GC invocations=7 (full 0):
 def new generation   total 4928K, used 4916K [0x90780000, 0x90cd0000, 0x9b220000)
  eden space 4416K, 100% used [0x90780000, 0x90bd0000, 0x90bd0000)
  from space 512K,  97% used [0x90c50000, 0x90ccd168, 0x90cd0000)
  to   space 512K,   0% used [0x90bd0000, 0x90bd0000, 0x90c50000)
 tenured generation   total 10944K, used 7966K [0x9b220000, 0x9bcd0000, 0xb0780000)
   the space 10944K,  72% used [0x9b220000, 0x9b9e7a18, 0x9b9e7c00, 0x9bcd0000)
 compacting perm gen  total 12288K, used 11759K [0xb0780000, 0xb1380000, 0xb4780000)
   the space 12288K,  95% used [0xb0780000, 0xb12fbc60, 0xb12fbe00, 0xb1380000)
No shared spaces configured.
Event: 43.635 GC heap after
Heap after GC invocations=8 (full 0):
 def new generation   total 4928K, used 446K [0x90780000, 0x90cd0000, 0x9b220000)
  eden space 4416K,   0% used [0x90780000, 0x90780000, 0x90bd0000)
  from space 512K,  87% used [0x90bd0000, 0x90c3fb58, 0x90c50000)
  to   space 512K,   0% used [0x90c50000, 0x90c50000, 0x90cd0000)
 tenured generation   total 10944K, used 8432K [0x9b220000, 0x9bcd0000, 0xb0780000)
   the space 10944K,  77% used [0x9b220000, 0x9ba5c328, 0x9ba5c400, 0x9bcd0000)
 compacting perm gen  total 12288K, used 11759K [0xb0780000, 0xb1380000, 0xb4780000)
   the space 12288K,  95% used [0xb0780000, 0xb12fbc60, 0xb12fbe00, 0xb1380000)
No shared spaces configured.
}
Event: 51.513 GC heap before
{Heap before GC invocations=8 (full 0):
 def new generation   total 4928K, used 2653K [0x90780000, 0x90cd0000, 0x9b220000)
  eden space 4416K,  49% used [0x90780000, 0x909a7960, 0x90bd0000)
  from space 512K,  87% used [0x90bd0000, 0x90c3fb58, 0x90c50000)
  to   space 512K,   0% used [0x90c50000, 0x90c50000, 0x90cd0000)
 tenured generation   total 10944K, used 8432K [0x9b220000, 0x9bcd0000, 0xb0780000)
   the space 10944K,  77% used [0x9b220000, 0x9ba5c328, 0x9ba5c400, 0x9bcd0000)
 compacting perm gen  total 12288K, used 11759K [0xb0780000, 0xb1380000, 0xb4780000)
   the space 12288K,  95% used [0xb0780000, 0xb12fbd70, 0xb12fbe00, 0xb1380000)
No shared spaces configured.
Event: 51.635 GC heap after
Heap after GC invocations=9 (full 1):
 def new generation   total 6208K, used 0K [0x90780000, 0x90e30000, 0x9b220000)
  eden space 5568K,   0% used [0x90780000, 0x90780000, 0x90cf0000)
  from space 640K,   0% used [0x90cf0000, 0x90cf0000, 0x90d90000)
  to   space 640K,   0% used [0x90d90000, 0x90d90000, 0x90e30000)
 tenured generation   total 13632K, used 8178K [0x9b220000, 0x9bf70000, 0xb0780000)
   the space 13632K,  59% used [0x9b220000, 0x9ba1c940, 0x9ba1ca00, 0x9bf70000)
 compacting perm gen  total 12288K, used 11759K [0xb0780000, 0xb1380000, 0xb4780000)
   the space 12288K,  95% used [0xb0780000, 0xb12fbd70, 0xb12fbe00, 0xb1380000)
No shared spaces configured.
}
Event: 55.035 GC heap before
{Heap before GC invocations=9 (full 1):
 def new generation   total 6208K, used 357K [0x90780000, 0x90e30000, 0x9b220000)
  eden space 5568K,   6% used [0x90780000, 0x907d9640, 0x90cf0000)
  from space 640K,   0% used [0x90cf0000, 0x90cf0000, 0x90d90000)
  to   space 640K,   0% used [0x90d90000, 0x90d90000, 0x90e30000)
 tenured generation   total 13632K, used 8178K [0x9b220000, 0x9bf70000, 0xb0780000)
   the space 13632K,  59% used [0x9b220000, 0x9ba1c940, 0x9ba1ca00, 0x9bf70000)
 compacting perm gen  total 12288K, used 11761K [0xb0780000, 0xb1380000, 0xb4780000)
   the space 12288K,  95% used [0xb0780000, 0xb12fc5d0, 0xb12fc600, 0xb1380000)
No shared spaces configured.
Event: 55.161 GC heap after
Heap after GC invocations=10 (full 2):
 def new generation   total 6208K, used 0K [0x90780000, 0x90e30000, 0x9b220000)
  eden space 5568K,   0% used [0x90780000, 0x90780000, 0x90cf0000)
  from space 640K,   0% used [0x90cf0000, 0x90cf0000, 0x90d90000)
  to   space 640K,   0% used [0x90d90000, 0x90d90000, 0x90e30000)
 tenured generation   total 13632K, used 6494K [0x9b220000, 0x9bf70000, 0xb0780000)
   the space 13632K,  47% used [0x9b220000, 0x9b877a70, 0x9b877c00, 0x9bf70000)
 compacting perm gen  total 12288K, used 11761K [0xb0780000, 0xb1380000, 0xb4780000)
   the space 12288K,  95% used [0xb0780000, 0xb12fc5d0, 0xb12fc600, 0xb1380000)
No shared spaces configured.
}
Event: 57.590 GC heap before
{Heap before GC invocations=10 (full 2):
 def new generation   total 6208K, used 1309K [0x90780000, 0x90e30000, 0x9b220000)
  eden space 5568K,  23% used [0x90780000, 0x908c7698, 0x90cf0000)
  from space 640K,   0% used [0x90cf0000, 0x90cf0000, 0x90d90000)
  to   space 640K,   0% used [0x90d90000, 0x90d90000, 0x90e30000)
 tenured generation   total 13632K, used 6494K [0x9b220000, 0x9bf70000, 0xb0780000)
   the space 13632K,  47% used [0x9b220000, 0x9b877a70, 0x9b877c00, 0x9bf70000)
 compacting perm gen  total 12288K, used 11761K [0xb0780000, 0xb1380000, 0xb4780000)
   the space 12288K,  95% used [0xb0780000, 0xb12fc610, 0xb12fc800, 0xb1380000)
No shared spaces configured.
Event: 57.704 GC heap after
Heap after GC invocations=11 (full 3):
 def new generation   total 6208K, used 0K [0x90780000, 0x90e30000, 0x9b220000)
  eden space 5568K,   0% used [0x90780000, 0x90780000, 0x90cf0000)
  from space 640K,   0% used [0x90cf0000, 0x90cf0000, 0x90d90000)
  to   space 640K,   0% used [0x90d90000, 0x90d90000, 0x90e30000)
 tenured generation   total 13632K, used 7107K [0x9b220000, 0x9bf70000, 0xb0780000)
   the space 13632K,  52% used [0x9b220000, 0x9b910ef8, 0x9b911000, 0x9bf70000)
 compacting perm gen  total 12288K, used 11761K [0xb0780000, 0xb1380000, 0xb4780000)
   the space 12288K,  95% used [0xb0780000, 0xb12fc610, 0xb12fc800, 0xb1380000)
No shared spaces configured.
}

